{"level":"info","message":"Fetching single blog with ID:","timestamp":"2025-04-16T10:30:44.033Z"}
{"level":"info","message":"Fetching single blog with ID:","timestamp":"2025-04-16T10:30:44.048Z"}
{"level":"info","message":"Fetching blogs for user with ID:","timestamp":"2025-04-16T10:30:44.271Z"}
{"level":"info","message":"Fetching single blog with ID:","timestamp":"2025-04-16T10:31:43.190Z"}
{"level":"info","message":"Fetching blogs for user with ID:","timestamp":"2025-04-16T10:31:43.193Z"}
{"level":"info","message":"Fetching single blog with ID:","timestamp":"2025-04-16T10:31:46.178Z"}
{"level":"info","message":"Fetching blogs for user with ID:","timestamp":"2025-04-16T10:31:46.182Z"}
{"level":"info","message":"Fetching single blog with ID:","timestamp":"2025-04-16T10:32:25.814Z"}
{"level":"info","message":"Fetching single blog with ID:","timestamp":"2025-04-16T10:32:25.835Z"}
{"level":"info","message":"Fetching blogs for user with ID:","timestamp":"2025-04-16T10:32:26.142Z"}
{"level":"info","message":"Fetching single blog with ID:","timestamp":"2025-04-16T10:33:52.187Z"}
{"level":"info","message":"Fetching single blog with ID:","timestamp":"2025-04-16T10:33:52.197Z"}
{"level":"info","message":"Fetching blogs for user with ID:","timestamp":"2025-04-16T10:33:52.403Z"}
{"email":"fidahibrahim2@gmail.com","level":"info","message":"Logging in user:","timestamp":"2025-04-16T10:39:39.355Z"}
{"level":"info","message":"Fetching all blogs","timestamp":"2025-04-16T10:39:39.494Z"}
{"level":"info","message":"Fetching all tags","timestamp":"2025-04-16T10:39:39.504Z"}
{"level":"info","message":"Fetching all blogs","timestamp":"2025-04-16T10:39:39.507Z"}
{"level":"info","message":"Fetching all tags","timestamp":"2025-04-16T10:39:39.518Z"}
{"level":"info","message":"Fetching all tags","timestamp":"2025-04-16T10:39:39.738Z"}
{"level":"info","message":"Fetching all tags","timestamp":"2025-04-16T10:39:39.742Z"}
{"level":"info","message":"Fetching single blog with ID:","timestamp":"2025-04-16T10:39:43.322Z"}
{"level":"info","message":"Fetching single blog with ID:","timestamp":"2025-04-16T10:39:43.330Z"}
{"level":"info","message":"Fetching blogs for user with ID:","timestamp":"2025-04-16T10:39:43.644Z"}
{"level":"info","message":"Fetching single blog with ID:","timestamp":"2025-04-16T10:40:44.184Z"}
{"level":"info","message":"Fetching blogs for user with ID:","timestamp":"2025-04-16T10:40:44.188Z"}
{"level":"info","message":"Fetching single blog with ID:","timestamp":"2025-04-16T10:41:10.625Z"}
{"level":"info","message":"Fetching single blog with ID:","timestamp":"2025-04-16T10:41:10.632Z"}
{"level":"info","message":"Fetching blogs for user with ID:","timestamp":"2025-04-16T10:41:10.820Z"}
{"level":"info","message":"Fetching single blog with ID:","timestamp":"2025-04-16T10:50:05.304Z"}
{"level":"info","message":"Fetching single blog with ID:","timestamp":"2025-04-16T10:50:05.310Z"}
{"level":"info","message":"Fetching blogs for user with ID:","timestamp":"2025-04-16T10:50:05.511Z"}
{"level":"info","message":"Fetching single blog with ID:","timestamp":"2025-04-16T10:50:07.898Z"}
{"level":"info","message":"Fetching single blog with ID:","timestamp":"2025-04-16T10:50:07.903Z"}
{"level":"info","message":"Fetching blogs for user with ID:","timestamp":"2025-04-16T10:50:08.101Z"}
{"level":"info","message":"Fetching single blog with ID:","timestamp":"2025-04-16T10:53:43.185Z"}
{"level":"info","message":"Fetching blogs for user with ID:","timestamp":"2025-04-16T10:53:43.188Z"}
