{"level":"info","message":"Fetching all blogs","timestamp":"2025-04-12T05:33:18.208Z"}
{"level":"info","message":"Fetching all blogs","timestamp":"2025-04-12T05:33:25.210Z"}
{"level":"info","message":"Fetching all blogs","timestamp":"2025-04-12T05:33:25.217Z"}
{"level":"info","message":"Fetching all blogs","timestamp":"2025-04-12T05:33:51.207Z"}
{"level":"info","message":"Fetching all blogs","timestamp":"2025-04-12T05:33:51.214Z"}
{"level":"info","message":"Fetching all blogs","timestamp":"2025-04-12T05:34:32.540Z"}
{"level":"info","message":"Fetching all blogs","timestamp":"2025-04-12T05:34:32.557Z"}
{"level":"info","message":"Fetching all blogs","timestamp":"2025-04-12T05:36:11.220Z"}
{"level":"info","message":"Fetching all blogs","timestamp":"2025-04-12T05:36:11.235Z"}
{"level":"info","message":"Fetching all blogs","timestamp":"2025-04-12T05:36:25.045Z"}
{"level":"info","message":"Fetching all blogs","timestamp":"2025-04-12T05:36:25.055Z"}
{"level":"info","message":"Fetching all blogs","timestamp":"2025-04-12T05:37:13.316Z"}
{"level":"info","message":"Fetching all blogs","timestamp":"2025-04-12T05:37:13.328Z"}
{"level":"info","message":"Fetching all blogs","timestamp":"2025-04-12T05:38:01.205Z"}
{"level":"info","message":"Fetching all blogs","timestamp":"2025-04-12T05:38:28.177Z"}
{"level":"info","message":"Fetching all blogs","timestamp":"2025-04-12T05:38:28.186Z"}
{"level":"info","message":"Fetching all blogs","timestamp":"2025-04-12T05:38:57.042Z"}
{"level":"info","message":"Fetching all blogs","timestamp":"2025-04-12T05:38:57.253Z"}
{"level":"info","message":"Logging out user","timestamp":"2025-04-12T05:39:01.683Z"}
{"level":"info","message":"Fetching all blogs","timestamp":"2025-04-12T05:39:03.789Z"}
{"level":"info","message":"Fetching all blogs","timestamp":"2025-04-12T05:39:04.016Z"}
{"email":"jansiyajahan8@gmail.com","level":"info","message":"Logging in user:","timestamp":"2025-04-12T06:05:47.013Z"}
{"level":"info","message":"Fetching all blogs","timestamp":"2025-04-12T06:05:47.564Z"}
{"level":"info","message":"Fetching all blogs","timestamp":"2025-04-12T06:05:48.242Z"}
{"level":"info","message":"Fetching friend profile for ID:","timestamp":"2025-04-12T06:05:55.618Z"}
{"level":"info","message":"Fetching friend profile for ID:","timestamp":"2025-04-12T06:05:55.679Z"}
{"level":"info","message":"Fetching blogs for user with ID:","timestamp":"2025-04-12T06:05:55.687Z"}
{"level":"info","message":"Fetching blogs for user with ID:","timestamp":"2025-04-12T06:05:55.813Z"}
{"level":"info","message":"Fetching all blogs","timestamp":"2025-04-12T06:06:05.764Z"}
{"level":"info","message":"Fetching all blogs","timestamp":"2025-04-12T06:06:05.922Z"}
{"level":"info","message":"Fetching single blog with ID:","timestamp":"2025-04-12T06:06:08.455Z"}
{"level":"info","message":"Fetching single blog with ID:","timestamp":"2025-04-12T06:06:08.577Z"}
{"level":"info","message":"Fetching blogs for user with ID:","timestamp":"2025-04-12T06:06:08.609Z"}
{"level":"info","message":"Adding reaction:","timestamp":"2025-04-12T06:06:12.354Z"}
{"_message":"Notification validation failed","errors":{"fromUserId":{"kind":"required","message":"Path `fromUserId` is required.","name":"ValidatorError","path":"fromUserId","properties":{"message":"Path `fromUserId` is required.","path":"fromUserId","type":"required"}}},"level":"error","message":"Error in adding reaction: Notification validation failed: fromUserId: Path `fromUserId` is required.","stack":"ValidationError: Notification validation failed: fromUserId: Path `fromUserId` is required.\n    at model.Document.invalidate (C:\\Users\\rinis\\Desktop\\New folder (2)\\escribir-backend\\node_modules\\mongoose\\lib\\document.js:3318:32)\n    at C:\\Users\\rinis\\Desktop\\New folder (2)\\escribir-backend\\node_modules\\mongoose\\lib\\document.js:3079:17\n    at C:\\Users\\rinis\\Desktop\\New folder (2)\\escribir-backend\\node_modules\\mongoose\\lib\\schemaType.js:1388:9\n    at processTicksAndRejections (node:internal/process/task_queues:77:11)","timestamp":"2025-04-12T06:06:12.537Z"}
{"level":"info","message":"Fetching single blog with ID:","timestamp":"2025-04-12T06:19:08.460Z"}
{"level":"info","message":"Fetching single blog with ID:","timestamp":"2025-04-12T06:19:08.583Z"}
{"level":"info","message":"Fetching blogs for user with ID:","timestamp":"2025-04-12T06:19:08.604Z"}
{"level":"info","message":"Fetching all blogs","timestamp":"2025-04-12T06:21:31.557Z"}
{"level":"info","message":"Fetching all blogs","timestamp":"2025-04-12T06:21:31.715Z"}
{"email":"jansiyajahan8@gmail.com","level":"info","message":"Logging in user:","timestamp":"2025-04-12T06:22:01.120Z"}
{"level":"info","message":"Fetching all blogs","timestamp":"2025-04-12T06:22:01.254Z"}
{"level":"info","message":"Fetching all blogs","timestamp":"2025-04-12T06:22:01.416Z"}
{"level":"info","message":"Fetching single blog with ID:","timestamp":"2025-04-12T06:22:47.306Z"}
{"level":"info","message":"Fetching single blog with ID:","timestamp":"2025-04-12T06:22:47.413Z"}
{"level":"info","message":"Fetching blogs for user with ID:","timestamp":"2025-04-12T06:22:47.452Z"}
{"level":"info","message":"Fetching all blogs","timestamp":"2025-04-12T06:24:38.255Z"}
{"level":"info","message":"Fetching all blogs","timestamp":"2025-04-12T06:24:38.400Z"}
{"level":"info","message":"Fetching friend profile for ID:","timestamp":"2025-04-12T06:24:40.939Z"}
{"level":"info","message":"Fetching friend profile for ID:","timestamp":"2025-04-12T06:24:40.987Z"}
{"level":"info","message":"Fetching blogs for user with ID:","timestamp":"2025-04-12T06:24:40.993Z"}
{"level":"info","message":"Fetching blogs for user with ID:","timestamp":"2025-04-12T06:24:41.099Z"}
