{"level":"info","message":"Fetching all blogs","timestamp":"2024-11-26T08:37:19.729Z"}
{"level":"info","message":"Fetching all blogs","timestamp":"2024-11-26T08:37:19.745Z"}
{"level":"info","message":"Fetching all blogs","timestamp":"2024-11-26T09:06:06.779Z"}
{"level":"info","message":"Fetching all blogs","timestamp":"2024-11-26T09:06:06.800Z"}
{"level":"info","message":"Fetching user profile","timestamp":"2024-11-26T09:06:23.506Z"}
{"level":"info","message":"Fetching user profile","timestamp":"2024-11-26T09:07:21.270Z"}
{"level":"info","message":"Fetching user profile","timestamp":"2024-11-26T09:09:46.961Z"}
{"level":"error","message":"Error fetching user profile: User not found","stack":"Error: User not found\n    at UserUseCase.getProfile (C:\\Users\\rinis\\Desktop\\New folder (2)\\escribir-backend\\dist\\useCases\\UserUseCase.js:242:23)\n    at process.processTicksAndRejections (node:internal/process/task_queues:95:5)\n    at async UserController.getProfile (C:\\Users\\rinis\\Desktop\\New folder (2)\\escribir-backend\\dist\\providers\\controllers\\userController.js:211:27)","timestamp":"2024-11-26T09:09:47.009Z"}
{"level":"error","message":"Error fetching user profile: Failed to fetch user profile","stack":"Error: Failed to fetch user profile\n    at UserUseCase.getProfile (C:\\Users\\rinis\\Desktop\\New folder (2)\\escribir-backend\\dist\\useCases\\UserUseCase.js:248:19)\n    at process.processTicksAndRejections (node:internal/process/task_queues:95:5)\n    at async UserController.getProfile (C:\\Users\\rinis\\Desktop\\New folder (2)\\escribir-backend\\dist\\providers\\controllers\\userController.js:211:27)","timestamp":"2024-11-26T09:09:47.010Z"}
{"level":"info","message":"Fetching user profile","timestamp":"2024-11-26T09:17:40.668Z"}
{"level":"error","message":"Error fetching user profile: User not found","stack":"Error: User not found\n    at UserUseCase.getProfile (C:\\Users\\rinis\\Desktop\\New folder (2)\\escribir-backend\\dist\\useCases\\UserUseCase.js:243:23)\n    at process.processTicksAndRejections (node:internal/process/task_queues:95:5)\n    at async UserController.getProfile (C:\\Users\\rinis\\Desktop\\New folder (2)\\escribir-backend\\dist\\providers\\controllers\\userController.js:211:27)","timestamp":"2024-11-26T09:17:40.715Z"}
{"level":"error","message":"Error fetching user profile: Failed to fetch user profile","stack":"Error: Failed to fetch user profile\n    at UserUseCase.getProfile (C:\\Users\\rinis\\Desktop\\New folder (2)\\escribir-backend\\dist\\useCases\\UserUseCase.js:249:19)\n    at process.processTicksAndRejections (node:internal/process/task_queues:95:5)\n    at async UserController.getProfile (C:\\Users\\rinis\\Desktop\\New folder (2)\\escribir-backend\\dist\\providers\\controllers\\userController.js:211:27)","timestamp":"2024-11-26T09:17:40.716Z"}
{"level":"info","message":"Fetching user profile","timestamp":"2024-11-26T09:19:17.786Z"}
{"level":"error","message":"Error fetching user profile: User not found","stack":"Error: User not found\n    at UserUseCase.getProfile (C:\\Users\\rinis\\Desktop\\New folder (2)\\escribir-backend\\dist\\useCases\\UserUseCase.js:243:23)\n    at process.processTicksAndRejections (node:internal/process/task_queues:95:5)\n    at async UserController.getProfile (C:\\Users\\rinis\\Desktop\\New folder (2)\\escribir-backend\\dist\\providers\\controllers\\userController.js:212:27)","timestamp":"2024-11-26T09:19:17.837Z"}
{"level":"error","message":"Error fetching user profile: Failed to fetch user profile","stack":"Error: Failed to fetch user profile\n    at UserUseCase.getProfile (C:\\Users\\rinis\\Desktop\\New folder (2)\\escribir-backend\\dist\\useCases\\UserUseCase.js:249:19)\n    at process.processTicksAndRejections (node:internal/process/task_queues:95:5)\n    at async UserController.getProfile (C:\\Users\\rinis\\Desktop\\New folder (2)\\escribir-backend\\dist\\providers\\controllers\\userController.js:212:27)","timestamp":"2024-11-26T09:19:17.838Z"}
{"level":"info","message":"Logging out user","timestamp":"2024-11-26T09:20:38.168Z"}
{"email":"jansiyajahan8@gmail.com","level":"info","message":"Logging in user:","timestamp":"2024-11-26T09:20:56.589Z"}
{"level":"info","message":"Fetching all blogs","timestamp":"2024-11-26T09:20:56.729Z"}
{"level":"info","message":"Fetching all blogs","timestamp":"2024-11-26T09:20:56.737Z"}
{"level":"info","message":"Fetching user profile","timestamp":"2024-11-26T09:21:39.408Z"}
{"level":"error","message":"Error fetching user profile: User not found","stack":"Error: User not found\n    at UserUseCase.getProfile (C:\\Users\\rinis\\Desktop\\New folder (2)\\escribir-backend\\dist\\useCases\\UserUseCase.js:243:23)\n    at process.processTicksAndRejections (node:internal/process/task_queues:95:5)\n    at async UserController.getProfile (C:\\Users\\rinis\\Desktop\\New folder (2)\\escribir-backend\\dist\\providers\\controllers\\userController.js:212:27)","timestamp":"2024-11-26T09:21:39.452Z"}
{"level":"error","message":"Error fetching user profile: Failed to fetch user profile","stack":"Error: Failed to fetch user profile\n    at UserUseCase.getProfile (C:\\Users\\rinis\\Desktop\\New folder (2)\\escribir-backend\\dist\\useCases\\UserUseCase.js:249:19)\n    at process.processTicksAndRejections (node:internal/process/task_queues:95:5)\n    at async UserController.getProfile (C:\\Users\\rinis\\Desktop\\New folder (2)\\escribir-backend\\dist\\providers\\controllers\\userController.js:212:27)","timestamp":"2024-11-26T09:21:39.453Z"}
{"level":"info","message":"Logging out user","timestamp":"2024-11-26T09:21:51.219Z"}
{"email":"jansiyajahan8@gmail.com","level":"info","message":"Logging in user:","timestamp":"2024-11-26T09:21:58.384Z"}
{"level":"info","message":"Fetching all blogs","timestamp":"2024-11-26T09:21:58.707Z"}
{"level":"info","message":"Fetching all blogs","timestamp":"2024-11-26T09:21:58.713Z"}
{"level":"info","message":"Fetching all blogs","timestamp":"2024-11-26T09:22:45.579Z"}
{"level":"info","message":"Fetching all blogs","timestamp":"2024-11-26T09:22:45.761Z"}
{"level":"info","message":"Fetching blogs for user with ID:","timestamp":"2024-11-26T09:22:48.903Z"}
{"level":"info","message":"Fetching blogs for user with ID:","timestamp":"2024-11-26T09:22:49.027Z"}
{"level":"info","message":"Uploading profile image","timestamp":"2024-11-26T09:23:07.148Z"}
{"level":"info","message":"Uploading profile image","timestamp":"2024-11-26T09:25:16.847Z"}
{"level":"info","message":"Fetching user profile","timestamp":"2024-11-26T09:25:35.666Z"}
{"level":"error","message":"Error fetching user profile: User not found","stack":"Error: User not found\n    at UserUseCase.getProfile (C:\\Users\\rinis\\Desktop\\New folder (2)\\escribir-backend\\dist\\useCases\\UserUseCase.js:243:23)\n    at process.processTicksAndRejections (node:internal/process/task_queues:95:5)\n    at async UserController.getProfile (C:\\Users\\rinis\\Desktop\\New folder (2)\\escribir-backend\\dist\\providers\\controllers\\userController.js:214:27)","timestamp":"2024-11-26T09:25:35.711Z"}
{"level":"error","message":"Error fetching user profile: Failed to fetch user profile","stack":"Error: Failed to fetch user profile\n    at UserUseCase.getProfile (C:\\Users\\rinis\\Desktop\\New folder (2)\\escribir-backend\\dist\\useCases\\UserUseCase.js:249:19)\n    at process.processTicksAndRejections (node:internal/process/task_queues:95:5)\n    at async UserController.getProfile (C:\\Users\\rinis\\Desktop\\New folder (2)\\escribir-backend\\dist\\providers\\controllers\\userController.js:214:27)","timestamp":"2024-11-26T09:25:35.712Z"}
